<?xml version="1.0" encoding="UTF-8"?>
<!-- Generated by org.testng.reporters.JUnitReportReporter -->
<testsuite hostname="PratikshaSontakke" failures="0" tests="2" name="testngpackage.Demo" time="0.034" errors="0" timestamp="2023-11-28T12:14:05 IST" skipped="0">
  <testcase classname="testngpackage.Demo" name="method1" time="0.028">
    <system-out>
      <![CDATA[Method of testngpackage of Demo class]]>
    </system-out>
  </testcase> <!-- method1 -->
  <testcase classname="testngpackage.Demo" name="method2" time="0.006">
    <system-out>
      <![CDATA[Method of testngpackage of Demo class]]>
    </system-out>
  </testcase> <!-- method2 -->
  <system-out>
    <![CDATA[Method of testngpackage of Demo class
Method of testngpackage of Demo class]]>
  </system-out>
</testsuite> <!-- testngpackage.Demo -->
