<?xml version="1.0" encoding="UTF-8"?>
<!-- Generated by org.testng.reporters.JUnitReportReporter -->
<testsuite hostname="PratikshaSontakke" failures="0" tests="1" name="testngexecutionpackage.JavaTest" time="79.442" errors="0" timestamp="2023-11-28T12:43:09 IST" skipped="0">
  <testcase classname="testngexecutionpackage.JavaTest" name="java_method" time="79.442"/>
</testsuite> <!-- testngexecutionpackage.JavaTest -->
